2024-11-19 14:22:49,475 DEBUG    root            Loaded Command Group: ['gcloud', 'components']
2024-11-19 14:22:49,477 DEBUG    root            Loaded Command Group: ['gcloud', 'components', 'update']
2024-11-19 14:22:49,479 DEBUG    root            Running [gcloud.components.update] with arguments: [--quiet: "True", COMPONENT-IDS:8: "['gcloud', 'core', 'bq', 'gsutil', 'compute', 'preview', 'alpha', 'beta']"]
2024-11-19 14:22:49,481 INFO     ___FILE_ONLY___ Beginning update. This process may take several minutes.

2024-11-19 14:22:49,489 DEBUG    urllib3.connectionpool Starting new HTTPS connection (1): dl.google.com:443
2024-11-19 14:22:49,646 DEBUG    urllib3.connectionpool https://dl.google.com:443 "GET /dl/cloudsdk/channels/rapid/components-2.json HTTP/1.1" 200 226997
2024-11-19 14:22:49,666 WARNING  root            Component [preview] no longer exists.
2024-11-19 14:22:49,667 WARNING  root            Component [compute] no longer exists.
2024-11-19 14:22:49,668 INFO     ___FILE_ONLY___ 

2024-11-19 14:22:49,668 INFO     ___FILE_ONLY___ 
Your current Google Cloud CLI version is: 501.0.0

2024-11-19 14:22:49,668 INFO     ___FILE_ONLY___ Installing components from version: 501.0.0

2024-11-19 14:22:49,668 INFO     ___FILE_ONLY___ 

2024-11-19 14:22:49,668 DEBUG    root            Chosen display Format:table[box,title="These components will be removed."](details.display_name:label=Name:align=left,version.version_string:label=Version:align=right,data.size.size(zero="",min=1048576):label=Size:align=right)
2024-11-19 14:22:49,669 DEBUG    root            Chosen display Format:table[box,title="These components will be updated."](details.display_name:label=Name:align=left,version.version_string:label=Version:align=right,data.size.size(zero="",min=1048576):label=Size:align=right)
2024-11-19 14:22:49,670 DEBUG    root            Chosen display Format:table[box,title="These components will be installed."](details.display_name:label=Name:align=left,version.version_string:label=Version:align=right,data.size.size(zero="",min=1048576):label=Size:align=right)
2024-11-19 14:22:49,687 INFO     ___FILE_ONLY___ ┌──────────────────────────────────────────────┐
2024-11-19 14:22:49,687 INFO     ___FILE_ONLY___ 

2024-11-19 14:22:49,687 INFO     ___FILE_ONLY___ │     These components will be installed.      │
2024-11-19 14:22:49,687 INFO     ___FILE_ONLY___ 

2024-11-19 14:22:49,687 INFO     ___FILE_ONLY___ ├───────────────────────┬────────────┬─────────┤
2024-11-19 14:22:49,688 INFO     ___FILE_ONLY___ 

2024-11-19 14:22:49,688 INFO     ___FILE_ONLY___ │          Name         │  Version   │   Size  │
2024-11-19 14:22:49,688 INFO     ___FILE_ONLY___ 

2024-11-19 14:22:49,688 INFO     ___FILE_ONLY___ ├───────────────────────┼────────────┼─────────┤
2024-11-19 14:22:49,688 INFO     ___FILE_ONLY___ 

2024-11-19 14:22:49,688 INFO     ___FILE_ONLY___ │ 
2024-11-19 14:22:49,688 INFO     ___FILE_ONLY___ gcloud Alpha Commands
2024-11-19 14:22:49,688 INFO     ___FILE_ONLY___  
2024-11-19 14:22:49,688 INFO     ___FILE_ONLY___ │ 
2024-11-19 14:22:49,688 INFO     ___FILE_ONLY___ 2024.11.08
2024-11-19 14:22:49,688 INFO     ___FILE_ONLY___  
2024-11-19 14:22:49,689 INFO     ___FILE_ONLY___ │ 
2024-11-19 14:22:49,689 INFO     ___FILE_ONLY___ < 1 MiB
2024-11-19 14:22:49,689 INFO     ___FILE_ONLY___  
2024-11-19 14:22:49,689 INFO     ___FILE_ONLY___ │
2024-11-19 14:22:49,689 INFO     ___FILE_ONLY___ 

2024-11-19 14:22:49,689 INFO     ___FILE_ONLY___ │ 
2024-11-19 14:22:49,689 INFO     ___FILE_ONLY___ gcloud Beta Commands 
2024-11-19 14:22:49,689 INFO     ___FILE_ONLY___  
2024-11-19 14:22:49,689 INFO     ___FILE_ONLY___ │ 
2024-11-19 14:22:49,689 INFO     ___FILE_ONLY___ 2024.11.08
2024-11-19 14:22:49,689 INFO     ___FILE_ONLY___  
2024-11-19 14:22:49,689 INFO     ___FILE_ONLY___ │ 
2024-11-19 14:22:49,689 INFO     ___FILE_ONLY___ < 1 MiB
2024-11-19 14:22:49,690 INFO     ___FILE_ONLY___  
2024-11-19 14:22:49,690 INFO     ___FILE_ONLY___ │
2024-11-19 14:22:49,690 INFO     ___FILE_ONLY___ 

2024-11-19 14:22:49,690 INFO     ___FILE_ONLY___ └───────────────────────┴────────────┴─────────┘
2024-11-19 14:22:49,690 INFO     ___FILE_ONLY___ 

2024-11-19 14:22:49,690 INFO     ___FILE_ONLY___ 

2024-11-19 14:22:49,693 DEBUG    urllib3.connectionpool Starting new HTTPS connection (1): dl.google.com:443
2024-11-19 14:22:49,838 DEBUG    urllib3.connectionpool https://dl.google.com:443 "GET /dl/cloudsdk/channels/rapid/RELEASE_NOTES HTTP/1.1" 200 1311270
2024-11-19 14:22:49,877 INFO     ___FILE_ONLY___ For the latest full release notes, please visit:
  https://cloud.google.com/sdk/release_notes


2024-11-19 14:22:49,877 INFO     ___FILE_ONLY___ Performing in place update...


2024-11-19 14:22:49,879 INFO     ___FILE_ONLY___ ╔════════════════════════════════════════════════════════════╗

2024-11-19 14:22:49,879 INFO     ___FILE_ONLY___ ╠═ Downloading: gcloud Alpha Commands                       ═╣

2024-11-19 14:22:49,879 INFO     ___FILE_ONLY___ ╚
2024-11-19 14:22:49,883 DEBUG    urllib3.connectionpool Starting new HTTPS connection (1): dl.google.com:443
2024-11-19 14:22:50,027 DEBUG    urllib3.connectionpool https://dl.google.com:443 "GET /dl/cloudsdk/channels/rapid/components/google-cloud-sdk-alpha-20241108162203.tar.gz HTTP/1.1" 200 800
2024-11-19 14:22:50,028 INFO     ___FILE_ONLY___ ════════════════════════════════════════════════════════════
2024-11-19 14:22:50,028 INFO     ___FILE_ONLY___ ╝

2024-11-19 14:22:50,031 INFO     ___FILE_ONLY___ ╔════════════════════════════════════════════════════════════╗

2024-11-19 14:22:50,031 INFO     ___FILE_ONLY___ ╠═ Downloading: gcloud Beta Commands                        ═╣

2024-11-19 14:22:50,031 INFO     ___FILE_ONLY___ ╚
2024-11-19 14:22:50,034 DEBUG    urllib3.connectionpool Starting new HTTPS connection (1): dl.google.com:443
2024-11-19 14:22:50,174 DEBUG    urllib3.connectionpool https://dl.google.com:443 "GET /dl/cloudsdk/channels/rapid/components/google-cloud-sdk-beta-20241108162203.tar.gz HTTP/1.1" 200 797
2024-11-19 14:22:50,175 INFO     ___FILE_ONLY___ ════════════════════════════════════════════════════════════
2024-11-19 14:22:50,175 INFO     ___FILE_ONLY___ ╝

2024-11-19 14:22:50,177 INFO     ___FILE_ONLY___ ╔════════════════════════════════════════════════════════════╗

2024-11-19 14:22:50,177 INFO     ___FILE_ONLY___ ╠═ Installing: gcloud Alpha Commands                        ═╣

2024-11-19 14:22:50,177 INFO     ___FILE_ONLY___ ╚
2024-11-19 14:22:50,178 INFO     ___FILE_ONLY___ ════════════════════════════════════════════════════════════
2024-11-19 14:22:50,178 INFO     ___FILE_ONLY___ ╝

2024-11-19 14:22:50,190 INFO     ___FILE_ONLY___ ╔════════════════════════════════════════════════════════════╗

2024-11-19 14:22:50,190 INFO     ___FILE_ONLY___ ╠═ Installing: gcloud Beta Commands                         ═╣

2024-11-19 14:22:50,190 INFO     ___FILE_ONLY___ ╚
2024-11-19 14:22:50,191 INFO     ___FILE_ONLY___ ════════════════════════════════════════════════════════════
2024-11-19 14:22:50,191 INFO     ___FILE_ONLY___ ╝

2024-11-19 14:22:50,199 DEBUG    root            Updating notification cache...
2024-11-19 14:22:50,199 INFO     ___FILE_ONLY___ 

2024-11-19 14:22:50,201 INFO     ___FILE_ONLY___ Performing post processing steps...
2024-11-19 14:22:50,201 DEBUG    root            Executing command: ['/tools/google-cloud-sdk/bin/gcloud', 'components', 'post-process']
2024-11-19 14:23:00,826 DEBUG    ___FILE_ONLY___ 
2024-11-19 14:23:00,827 DEBUG    ___FILE_ONLY___ 
2024-11-19 14:23:00,977 INFO     ___FILE_ONLY___ 
Update done!


2024-11-19 14:23:00,980 DEBUG    root            Chosen display Format:none
2024-11-19 14:23:00,980 INFO     root            Display format: "none"
