2024-11-19 14:22:29,184 DEBUG    root            Loaded Command Group: ['gcloud', 'components']
2024-11-19 14:22:29,188 DEBUG    root            Loaded Command Group: ['gcloud', 'components', 'update']
2024-11-19 14:22:29,191 DEBUG    root            Running [gcloud.components.update] with arguments: [--compile-python: "True", --quiet: "True", COMPONENT-IDS:6: "['core', 'gcloud-deps', 'bq', 'gcloud', 'gcloud-crc32c', 'gsutil']"]
2024-11-19 14:22:29,192 INFO     ___FILE_ONLY___ Beginning update. This process may take several minutes.

2024-11-19 14:22:29,225 DEBUG    urllib3.connectionpool Starting new HTTPS connection (1): dl.google.com:443
2024-11-19 14:22:29,370 DEBUG    urllib3.connectionpool https://dl.google.com:443 "GET /dl/cloudsdk/channels/rapid/components-2.json HTTP/1.1" 200 226997
2024-11-19 14:22:29,387 INFO     ___FILE_ONLY___ 

2024-11-19 14:22:29,388 INFO     ___FILE_ONLY___ 
Your current Google Cloud CLI version is: 501.0.0

2024-11-19 14:22:29,388 INFO     ___FILE_ONLY___ Installing components from version: 501.0.0

2024-11-19 14:22:29,388 INFO     ___FILE_ONLY___ 

2024-11-19 14:22:29,389 DEBUG    root            Chosen display Format:table[box,title="These components will be removed."](details.display_name:label=Name:align=left,version.version_string:label=Version:align=right,data.size.size(zero="",min=1048576):label=Size:align=right)
2024-11-19 14:22:29,389 DEBUG    root            Chosen display Format:table[box,title="These components will be updated."](details.display_name:label=Name:align=left,version.version_string:label=Version:align=right,data.size.size(zero="",min=1048576):label=Size:align=right)
2024-11-19 14:22:29,390 DEBUG    root            Chosen display Format:table[box,title="These components will be installed."](details.display_name:label=Name:align=left,version.version_string:label=Version:align=right,data.size.size(zero="",min=1048576):label=Size:align=right)
2024-11-19 14:22:29,431 INFO     ___FILE_ONLY___ ┌─────────────────────────────────────────────────────────────────────────────┐
2024-11-19 14:22:29,431 INFO     ___FILE_ONLY___ 

2024-11-19 14:22:29,431 INFO     ___FILE_ONLY___ │                     These components will be installed.                     │
2024-11-19 14:22:29,431 INFO     ___FILE_ONLY___ 

2024-11-19 14:22:29,431 INFO     ___FILE_ONLY___ ├─────────────────────────────────────────────────────┬────────────┬──────────┤
2024-11-19 14:22:29,431 INFO     ___FILE_ONLY___ 

2024-11-19 14:22:29,431 INFO     ___FILE_ONLY___ │                         Name                        │  Version   │   Size   │
2024-11-19 14:22:29,431 INFO     ___FILE_ONLY___ 

2024-11-19 14:22:29,432 INFO     ___FILE_ONLY___ ├─────────────────────────────────────────────────────┼────────────┼──────────┤
2024-11-19 14:22:29,432 INFO     ___FILE_ONLY___ 

2024-11-19 14:22:29,432 INFO     ___FILE_ONLY___ │ 
2024-11-19 14:22:29,432 INFO     ___FILE_ONLY___ BigQuery Command Line Tool                         
2024-11-19 14:22:29,432 INFO     ___FILE_ONLY___  
2024-11-19 14:22:29,432 INFO     ___FILE_ONLY___ │ 
2024-11-19 14:22:29,432 INFO     ___FILE_ONLY___      2.1.9
2024-11-19 14:22:29,432 INFO     ___FILE_ONLY___  
2024-11-19 14:22:29,432 INFO     ___FILE_ONLY___ │ 
2024-11-19 14:22:29,432 INFO     ___FILE_ONLY___  1.7 MiB
2024-11-19 14:22:29,433 INFO     ___FILE_ONLY___  
2024-11-19 14:22:29,433 INFO     ___FILE_ONLY___ │
2024-11-19 14:22:29,433 INFO     ___FILE_ONLY___ 

2024-11-19 14:22:29,433 INFO     ___FILE_ONLY___ │ 
2024-11-19 14:22:29,433 INFO     ___FILE_ONLY___ BigQuery Command Line Tool (Platform Specific)     
2024-11-19 14:22:29,433 INFO     ___FILE_ONLY___  
2024-11-19 14:22:29,433 INFO     ___FILE_ONLY___ │ 
2024-11-19 14:22:29,433 INFO     ___FILE_ONLY___      2.1.8
2024-11-19 14:22:29,433 INFO     ___FILE_ONLY___  
2024-11-19 14:22:29,433 INFO     ___FILE_ONLY___ │ 
2024-11-19 14:22:29,433 INFO     ___FILE_ONLY___  < 1 MiB
2024-11-19 14:22:29,433 INFO     ___FILE_ONLY___  
2024-11-19 14:22:29,433 INFO     ___FILE_ONLY___ │
2024-11-19 14:22:29,433 INFO     ___FILE_ONLY___ 

2024-11-19 14:22:29,433 INFO     ___FILE_ONLY___ │ 
2024-11-19 14:22:29,433 INFO     ___FILE_ONLY___ Bundled Python 3.11 (Platform Specific)            
2024-11-19 14:22:29,434 INFO     ___FILE_ONLY___  
2024-11-19 14:22:29,434 INFO     ___FILE_ONLY___ │ 
2024-11-19 14:22:29,434 INFO     ___FILE_ONLY___     3.11.9
2024-11-19 14:22:29,434 INFO     ___FILE_ONLY___  
2024-11-19 14:22:29,434 INFO     ___FILE_ONLY___ │ 
2024-11-19 14:22:29,434 INFO     ___FILE_ONLY___ 74.4 MiB
2024-11-19 14:22:29,434 INFO     ___FILE_ONLY___  
2024-11-19 14:22:29,434 INFO     ___FILE_ONLY___ │
2024-11-19 14:22:29,434 INFO     ___FILE_ONLY___ 

2024-11-19 14:22:29,434 INFO     ___FILE_ONLY___ │ 
2024-11-19 14:22:29,434 INFO     ___FILE_ONLY___ Cloud Storage Command Line Tool                    
2024-11-19 14:22:29,434 INFO     ___FILE_ONLY___  
2024-11-19 14:22:29,434 INFO     ___FILE_ONLY___ │ 
2024-11-19 14:22:29,434 INFO     ___FILE_ONLY___       5.31
2024-11-19 14:22:29,434 INFO     ___FILE_ONLY___  
2024-11-19 14:22:29,434 INFO     ___FILE_ONLY___ │ 
2024-11-19 14:22:29,435 INFO     ___FILE_ONLY___ 11.3 MiB
2024-11-19 14:22:29,435 INFO     ___FILE_ONLY___  
2024-11-19 14:22:29,435 INFO     ___FILE_ONLY___ │
2024-11-19 14:22:29,435 INFO     ___FILE_ONLY___ 

2024-11-19 14:22:29,435 INFO     ___FILE_ONLY___ │ 
2024-11-19 14:22:29,435 INFO     ___FILE_ONLY___ Cloud Storage Command Line Tool (Platform Specific)
2024-11-19 14:22:29,435 INFO     ___FILE_ONLY___  
2024-11-19 14:22:29,435 INFO     ___FILE_ONLY___ │ 
2024-11-19 14:22:29,435 INFO     ___FILE_ONLY___       5.30
2024-11-19 14:22:29,435 INFO     ___FILE_ONLY___  
2024-11-19 14:22:29,435 INFO     ___FILE_ONLY___ │ 
2024-11-19 14:22:29,435 INFO     ___FILE_ONLY___  < 1 MiB
2024-11-19 14:22:29,435 INFO     ___FILE_ONLY___  
2024-11-19 14:22:29,435 INFO     ___FILE_ONLY___ │
2024-11-19 14:22:29,435 INFO     ___FILE_ONLY___ 

2024-11-19 14:22:29,435 INFO     ___FILE_ONLY___ │ 
2024-11-19 14:22:29,436 INFO     ___FILE_ONLY___ Google Cloud CLI Core Libraries (Platform Specific)
2024-11-19 14:22:29,436 INFO     ___FILE_ONLY___  
2024-11-19 14:22:29,436 INFO     ___FILE_ONLY___ │ 
2024-11-19 14:22:29,436 INFO     ___FILE_ONLY___ 2024.08.30
2024-11-19 14:22:29,436 INFO     ___FILE_ONLY___  
2024-11-19 14:22:29,436 INFO     ___FILE_ONLY___ │ 
2024-11-19 14:22:29,436 INFO     ___FILE_ONLY___  < 1 MiB
2024-11-19 14:22:29,436 INFO     ___FILE_ONLY___  
2024-11-19 14:22:29,436 INFO     ___FILE_ONLY___ │
2024-11-19 14:22:29,436 INFO     ___FILE_ONLY___ 

2024-11-19 14:22:29,436 INFO     ___FILE_ONLY___ │ 
2024-11-19 14:22:29,436 INFO     ___FILE_ONLY___ Google Cloud CRC32C Hash Tool (Platform Specific)  
2024-11-19 14:22:29,436 INFO     ___FILE_ONLY___  
2024-11-19 14:22:29,436 INFO     ___FILE_ONLY___ │ 
2024-11-19 14:22:29,436 INFO     ___FILE_ONLY___      1.0.0
2024-11-19 14:22:29,436 INFO     ___FILE_ONLY___  
2024-11-19 14:22:29,437 INFO     ___FILE_ONLY___ │ 
2024-11-19 14:22:29,437 INFO     ___FILE_ONLY___  1.3 MiB
2024-11-19 14:22:29,437 INFO     ___FILE_ONLY___  
2024-11-19 14:22:29,437 INFO     ___FILE_ONLY___ │
2024-11-19 14:22:29,437 INFO     ___FILE_ONLY___ 

2024-11-19 14:22:29,437 INFO     ___FILE_ONLY___ │ 
2024-11-19 14:22:29,437 INFO     ___FILE_ONLY___ gcloud cli dependencies (Platform Specific)        
2024-11-19 14:22:29,437 INFO     ___FILE_ONLY___  
2024-11-19 14:22:29,437 INFO     ___FILE_ONLY___ │ 
2024-11-19 14:22:29,437 INFO     ___FILE_ONLY___ 2021.04.16
2024-11-19 14:22:29,437 INFO     ___FILE_ONLY___  
2024-11-19 14:22:29,437 INFO     ___FILE_ONLY___ │ 
2024-11-19 14:22:29,437 INFO     ___FILE_ONLY___  < 1 MiB
2024-11-19 14:22:29,437 INFO     ___FILE_ONLY___  
2024-11-19 14:22:29,437 INFO     ___FILE_ONLY___ │
2024-11-19 14:22:29,437 INFO     ___FILE_ONLY___ 

2024-11-19 14:22:29,438 INFO     ___FILE_ONLY___ └─────────────────────────────────────────────────────┴────────────┴──────────┘
2024-11-19 14:22:29,438 INFO     ___FILE_ONLY___ 

2024-11-19 14:22:29,438 INFO     ___FILE_ONLY___ 

2024-11-19 14:22:29,441 DEBUG    urllib3.connectionpool Starting new HTTPS connection (1): dl.google.com:443
2024-11-19 14:22:29,585 DEBUG    urllib3.connectionpool https://dl.google.com:443 "GET /dl/cloudsdk/channels/rapid/RELEASE_NOTES HTTP/1.1" 200 1311270
2024-11-19 14:22:29,620 INFO     ___FILE_ONLY___ For the latest full release notes, please visit:
  https://cloud.google.com/sdk/release_notes


2024-11-19 14:22:29,621 INFO     ___FILE_ONLY___ Performing in place update...


2024-11-19 14:22:29,623 INFO     ___FILE_ONLY___ ╔════════════════════════════════════════════════════════════╗

2024-11-19 14:22:29,623 INFO     ___FILE_ONLY___ ╠═ Downloading: BigQuery Command Line Tool                  ═╣

2024-11-19 14:22:29,623 INFO     ___FILE_ONLY___ ╚
2024-11-19 14:22:29,627 DEBUG    urllib3.connectionpool Starting new HTTPS connection (1): dl.google.com:443
2024-11-19 14:22:29,773 DEBUG    urllib3.connectionpool https://dl.google.com:443 "GET /dl/cloudsdk/channels/rapid/components/google-cloud-sdk-bq-20241011151610.tar.gz HTTP/1.1" 200 1831026
2024-11-19 14:22:29,783 INFO     ___FILE_ONLY___ ═
2024-11-19 14:22:29,784 INFO     ___FILE_ONLY___ ═
2024-11-19 14:22:29,784 INFO     ___FILE_ONLY___ ═
2024-11-19 14:22:29,784 INFO     ___FILE_ONLY___ ═
2024-11-19 14:22:29,784 INFO     ___FILE_ONLY___ ═
2024-11-19 14:22:29,784 INFO     ___FILE_ONLY___ ═
2024-11-19 14:22:29,784 INFO     ___FILE_ONLY___ ═
2024-11-19 14:22:29,784 INFO     ___FILE_ONLY___ ═
2024-11-19 14:22:29,784 INFO     ___FILE_ONLY___ ═
2024-11-19 14:22:29,784 INFO     ___FILE_ONLY___ ═
2024-11-19 14:22:29,785 INFO     ___FILE_ONLY___ ═
2024-11-19 14:22:29,785 INFO     ___FILE_ONLY___ ═
2024-11-19 14:22:29,785 INFO     ___FILE_ONLY___ ═
2024-11-19 14:22:29,785 INFO     ___FILE_ONLY___ ═
2024-11-19 14:22:29,785 INFO     ___FILE_ONLY___ ═
2024-11-19 14:22:29,785 INFO     ___FILE_ONLY___ ═
2024-11-19 14:22:29,785 INFO     ___FILE_ONLY___ ═
2024-11-19 14:22:29,785 INFO     ___FILE_ONLY___ ═
2024-11-19 14:22:29,785 INFO     ___FILE_ONLY___ ═
2024-11-19 14:22:29,786 INFO     ___FILE_ONLY___ ═
2024-11-19 14:22:29,786 INFO     ___FILE_ONLY___ ═
2024-11-19 14:22:29,786 INFO     ___FILE_ONLY___ ═
2024-11-19 14:22:29,786 INFO     ___FILE_ONLY___ ═
2024-11-19 14:22:29,786 INFO     ___FILE_ONLY___ ═
2024-11-19 14:22:29,786 INFO     ___FILE_ONLY___ ═
2024-11-19 14:22:29,786 INFO     ___FILE_ONLY___ ═
2024-11-19 14:22:29,786 INFO     ___FILE_ONLY___ ═
2024-11-19 14:22:29,786 INFO     ___FILE_ONLY___ ═
2024-11-19 14:22:29,786 INFO     ___FILE_ONLY___ ═
2024-11-19 14:22:29,787 INFO     ___FILE_ONLY___ ═
2024-11-19 14:22:29,787 INFO     ___FILE_ONLY___ ═
2024-11-19 14:22:29,787 INFO     ___FILE_ONLY___ ═
2024-11-19 14:22:29,787 INFO     ___FILE_ONLY___ ═
2024-11-19 14:22:29,787 INFO     ___FILE_ONLY___ ═
2024-11-19 14:22:29,787 INFO     ___FILE_ONLY___ ═
2024-11-19 14:22:29,787 INFO     ___FILE_ONLY___ ═
2024-11-19 14:22:29,787 INFO     ___FILE_ONLY___ ═
2024-11-19 14:22:29,787 INFO     ___FILE_ONLY___ ═
2024-11-19 14:22:29,787 INFO     ___FILE_ONLY___ ═
2024-11-19 14:22:29,788 INFO     ___FILE_ONLY___ ═
2024-11-19 14:22:29,788 INFO     ___FILE_ONLY___ ═
2024-11-19 14:22:29,788 INFO     ___FILE_ONLY___ ═
2024-11-19 14:22:29,788 INFO     ___FILE_ONLY___ ═
2024-11-19 14:22:29,788 INFO     ___FILE_ONLY___ ═
2024-11-19 14:22:29,788 INFO     ___FILE_ONLY___ ═
2024-11-19 14:22:29,788 INFO     ___FILE_ONLY___ ═
2024-11-19 14:22:29,788 INFO     ___FILE_ONLY___ ═
2024-11-19 14:22:29,788 INFO     ___FILE_ONLY___ ═
2024-11-19 14:22:29,789 INFO     ___FILE_ONLY___ ═
2024-11-19 14:22:29,789 INFO     ___FILE_ONLY___ ═
2024-11-19 14:22:29,789 INFO     ___FILE_ONLY___ ═
2024-11-19 14:22:29,789 INFO     ___FILE_ONLY___ ═
2024-11-19 14:22:29,789 INFO     ___FILE_ONLY___ ═
2024-11-19 14:22:29,789 INFO     ___FILE_ONLY___ ═
2024-11-19 14:22:29,789 INFO     ___FILE_ONLY___ ═
2024-11-19 14:22:29,789 INFO     ___FILE_ONLY___ ═
2024-11-19 14:22:29,789 INFO     ___FILE_ONLY___ ═
2024-11-19 14:22:29,789 INFO     ___FILE_ONLY___ ═
2024-11-19 14:22:29,790 INFO     ___FILE_ONLY___ ═
2024-11-19 14:22:29,790 INFO     ___FILE_ONLY___ ═
2024-11-19 14:22:29,790 INFO     ___FILE_ONLY___ ╝

2024-11-19 14:22:29,792 INFO     ___FILE_ONLY___ ╔════════════════════════════════════════════════════════════╗

2024-11-19 14:22:29,792 INFO     ___FILE_ONLY___ ╠═ Downloading: BigQuery Command Line Tool (Platform Spe... ═╣

2024-11-19 14:22:29,792 INFO     ___FILE_ONLY___ ╚
2024-11-19 14:22:29,795 DEBUG    urllib3.connectionpool Starting new HTTPS connection (1): dl.google.com:443
2024-11-19 14:22:29,940 DEBUG    urllib3.connectionpool https://dl.google.com:443 "GET /dl/cloudsdk/channels/rapid/components/google-cloud-sdk-bq-nix-20240830134514.tar.gz HTTP/1.1" 200 1914
2024-11-19 14:22:29,941 INFO     ___FILE_ONLY___ ════════════════════════════════════════════════════════════
2024-11-19 14:22:29,941 INFO     ___FILE_ONLY___ ╝

2024-11-19 14:22:29,943 INFO     ___FILE_ONLY___ ╔════════════════════════════════════════════════════════════╗

2024-11-19 14:22:29,944 INFO     ___FILE_ONLY___ ╠═ Downloading: Bundled Python 3.11                         ═╣

2024-11-19 14:22:29,944 INFO     ___FILE_ONLY___ ╚
2024-11-19 14:22:29,944 INFO     ___FILE_ONLY___ ════════════════════════════════════════════════════════════
2024-11-19 14:22:29,944 INFO     ___FILE_ONLY___ ╝

2024-11-19 14:22:29,946 INFO     ___FILE_ONLY___ ╔════════════════════════════════════════════════════════════╗

2024-11-19 14:22:29,946 INFO     ___FILE_ONLY___ ╠═ Downloading: Bundled Python 3.11 (Platform Specific)     ═╣

2024-11-19 14:22:29,946 INFO     ___FILE_ONLY___ ╚
2024-11-19 14:22:29,949 DEBUG    urllib3.connectionpool Starting new HTTPS connection (1): dl.google.com:443
2024-11-19 14:22:30,093 DEBUG    urllib3.connectionpool https://dl.google.com:443 "GET /dl/cloudsdk/channels/rapid/components/google-cloud-sdk-bundled-python3-unix-linux-x86_64-20240920144119.tar.gz HTTP/1.1" 200 78001783
2024-11-19 14:22:30,605 INFO     ___FILE_ONLY___ ═
2024-11-19 14:22:30,607 INFO     ___FILE_ONLY___ ═
2024-11-19 14:22:30,608 INFO     ___FILE_ONLY___ ═
2024-11-19 14:22:30,610 INFO     ___FILE_ONLY___ ═
2024-11-19 14:22:30,611 INFO     ___FILE_ONLY___ ═
2024-11-19 14:22:30,613 INFO     ___FILE_ONLY___ ═
2024-11-19 14:22:30,614 INFO     ___FILE_ONLY___ ═
2024-11-19 14:22:30,615 INFO     ___FILE_ONLY___ ═
2024-11-19 14:22:30,617 INFO     ___FILE_ONLY___ ═
2024-11-19 14:22:30,618 INFO     ___FILE_ONLY___ ═
2024-11-19 14:22:30,620 INFO     ___FILE_ONLY___ ═
2024-11-19 14:22:30,622 INFO     ___FILE_ONLY___ ═
2024-11-19 14:22:30,623 INFO     ___FILE_ONLY___ ═
2024-11-19 14:22:30,625 INFO     ___FILE_ONLY___ ═
2024-11-19 14:22:30,626 INFO     ___FILE_ONLY___ ═
2024-11-19 14:22:30,628 INFO     ___FILE_ONLY___ ═
2024-11-19 14:22:30,629 INFO     ___FILE_ONLY___ ═
2024-11-19 14:22:30,630 INFO     ___FILE_ONLY___ ═
2024-11-19 14:22:30,632 INFO     ___FILE_ONLY___ ═
2024-11-19 14:22:30,633 INFO     ___FILE_ONLY___ ═
2024-11-19 14:22:30,635 INFO     ___FILE_ONLY___ ═
2024-11-19 14:22:30,636 INFO     ___FILE_ONLY___ ═
2024-11-19 14:22:30,637 INFO     ___FILE_ONLY___ ═
2024-11-19 14:22:30,639 INFO     ___FILE_ONLY___ ═
2024-11-19 14:22:30,640 INFO     ___FILE_ONLY___ ═
2024-11-19 14:22:30,642 INFO     ___FILE_ONLY___ ═
2024-11-19 14:22:30,643 INFO     ___FILE_ONLY___ ═
2024-11-19 14:22:30,644 INFO     ___FILE_ONLY___ ═
2024-11-19 14:22:30,646 INFO     ___FILE_ONLY___ ═
2024-11-19 14:22:30,647 INFO     ___FILE_ONLY___ ═
2024-11-19 14:22:30,649 INFO     ___FILE_ONLY___ ═
2024-11-19 14:22:30,650 INFO     ___FILE_ONLY___ ═
2024-11-19 14:22:30,652 INFO     ___FILE_ONLY___ ═
2024-11-19 14:22:30,653 INFO     ___FILE_ONLY___ ═
2024-11-19 14:22:30,654 INFO     ___FILE_ONLY___ ═
2024-11-19 14:22:30,656 INFO     ___FILE_ONLY___ ═
2024-11-19 14:22:30,657 INFO     ___FILE_ONLY___ ═
2024-11-19 14:22:30,659 INFO     ___FILE_ONLY___ ═
2024-11-19 14:22:30,660 INFO     ___FILE_ONLY___ ═
2024-11-19 14:22:30,661 INFO     ___FILE_ONLY___ ═
2024-11-19 14:22:30,663 INFO     ___FILE_ONLY___ ═
2024-11-19 14:22:30,664 INFO     ___FILE_ONLY___ ═
2024-11-19 14:22:30,666 INFO     ___FILE_ONLY___ ═
2024-11-19 14:22:30,667 INFO     ___FILE_ONLY___ ═
2024-11-19 14:22:30,668 INFO     ___FILE_ONLY___ ═
2024-11-19 14:22:30,670 INFO     ___FILE_ONLY___ ═
2024-11-19 14:22:30,671 INFO     ___FILE_ONLY___ ═
2024-11-19 14:22:30,673 INFO     ___FILE_ONLY___ ═
2024-11-19 14:22:30,674 INFO     ___FILE_ONLY___ ═
2024-11-19 14:22:30,676 INFO     ___FILE_ONLY___ ═
2024-11-19 14:22:30,677 INFO     ___FILE_ONLY___ ═
2024-11-19 14:22:30,678 INFO     ___FILE_ONLY___ ═
2024-11-19 14:22:30,680 INFO     ___FILE_ONLY___ ═
2024-11-19 14:22:30,681 INFO     ___FILE_ONLY___ ═
2024-11-19 14:22:30,683 INFO     ___FILE_ONLY___ ═
2024-11-19 14:22:30,684 INFO     ___FILE_ONLY___ ═
2024-11-19 14:22:30,685 INFO     ___FILE_ONLY___ ═
2024-11-19 14:22:30,687 INFO     ___FILE_ONLY___ ═
2024-11-19 14:22:30,689 INFO     ___FILE_ONLY___ ═
2024-11-19 14:22:30,690 INFO     ___FILE_ONLY___ ═
2024-11-19 14:22:30,690 INFO     ___FILE_ONLY___ ╝

2024-11-19 14:22:30,693 INFO     ___FILE_ONLY___ ╔════════════════════════════════════════════════════════════╗

2024-11-19 14:22:30,693 INFO     ___FILE_ONLY___ ╠═ Downloading: Cloud Storage Command Line Tool             ═╣

2024-11-19 14:22:30,693 INFO     ___FILE_ONLY___ ╚
2024-11-19 14:22:30,701 DEBUG    urllib3.connectionpool Starting new HTTPS connection (1): dl.google.com:443
2024-11-19 14:22:30,844 DEBUG    urllib3.connectionpool https://dl.google.com:443 "GET /dl/cloudsdk/channels/rapid/components/google-cloud-sdk-gsutil-20241011151610.tar.gz HTTP/1.1" 200 11831021
2024-11-19 14:22:30,889 INFO     ___FILE_ONLY___ ═
2024-11-19 14:22:30,889 INFO     ___FILE_ONLY___ ═
2024-11-19 14:22:30,890 INFO     ___FILE_ONLY___ ═
2024-11-19 14:22:30,890 INFO     ___FILE_ONLY___ ═
2024-11-19 14:22:30,890 INFO     ___FILE_ONLY___ ═
2024-11-19 14:22:30,891 INFO     ___FILE_ONLY___ ═
2024-11-19 14:22:30,891 INFO     ___FILE_ONLY___ ═
2024-11-19 14:22:30,891 INFO     ___FILE_ONLY___ ═
2024-11-19 14:22:30,892 INFO     ___FILE_ONLY___ ═
2024-11-19 14:22:30,892 INFO     ___FILE_ONLY___ ═
2024-11-19 14:22:30,892 INFO     ___FILE_ONLY___ ═
2024-11-19 14:22:30,893 INFO     ___FILE_ONLY___ ═
2024-11-19 14:22:30,893 INFO     ___FILE_ONLY___ ═
2024-11-19 14:22:30,893 INFO     ___FILE_ONLY___ ═
2024-11-19 14:22:30,893 INFO     ___FILE_ONLY___ ═
2024-11-19 14:22:30,894 INFO     ___FILE_ONLY___ ═
2024-11-19 14:22:30,894 INFO     ___FILE_ONLY___ ═
2024-11-19 14:22:30,894 INFO     ___FILE_ONLY___ ═
2024-11-19 14:22:30,895 INFO     ___FILE_ONLY___ ═
2024-11-19 14:22:30,895 INFO     ___FILE_ONLY___ ═
2024-11-19 14:22:30,895 INFO     ___FILE_ONLY___ ═
2024-11-19 14:22:30,895 INFO     ___FILE_ONLY___ ═
2024-11-19 14:22:30,896 INFO     ___FILE_ONLY___ ═
2024-11-19 14:22:30,896 INFO     ___FILE_ONLY___ ═
2024-11-19 14:22:30,896 INFO     ___FILE_ONLY___ ═
2024-11-19 14:22:30,897 INFO     ___FILE_ONLY___ ═
2024-11-19 14:22:30,897 INFO     ___FILE_ONLY___ ═
2024-11-19 14:22:30,897 INFO     ___FILE_ONLY___ ═
2024-11-19 14:22:30,898 INFO     ___FILE_ONLY___ ═
2024-11-19 14:22:30,898 INFO     ___FILE_ONLY___ ═
2024-11-19 14:22:30,898 INFO     ___FILE_ONLY___ ═
2024-11-19 14:22:30,898 INFO     ___FILE_ONLY___ ═
2024-11-19 14:22:30,899 INFO     ___FILE_ONLY___ ═
2024-11-19 14:22:30,899 INFO     ___FILE_ONLY___ ═
2024-11-19 14:22:30,899 INFO     ___FILE_ONLY___ ═
2024-11-19 14:22:30,900 INFO     ___FILE_ONLY___ ═
2024-11-19 14:22:30,900 INFO     ___FILE_ONLY___ ═
2024-11-19 14:22:30,900 INFO     ___FILE_ONLY___ ═
2024-11-19 14:22:30,901 INFO     ___FILE_ONLY___ ═
2024-11-19 14:22:30,901 INFO     ___FILE_ONLY___ ═
2024-11-19 14:22:30,901 INFO     ___FILE_ONLY___ ═
2024-11-19 14:22:30,901 INFO     ___FILE_ONLY___ ═
2024-11-19 14:22:30,902 INFO     ___FILE_ONLY___ ═
2024-11-19 14:22:30,902 INFO     ___FILE_ONLY___ ═
2024-11-19 14:22:30,902 INFO     ___FILE_ONLY___ ═
2024-11-19 14:22:30,903 INFO     ___FILE_ONLY___ ═
2024-11-19 14:22:30,903 INFO     ___FILE_ONLY___ ═
2024-11-19 14:22:30,903 INFO     ___FILE_ONLY___ ═
2024-11-19 14:22:30,903 INFO     ___FILE_ONLY___ ═
2024-11-19 14:22:30,904 INFO     ___FILE_ONLY___ ═
2024-11-19 14:22:30,904 INFO     ___FILE_ONLY___ ═
2024-11-19 14:22:30,904 INFO     ___FILE_ONLY___ ═
2024-11-19 14:22:30,905 INFO     ___FILE_ONLY___ ═
2024-11-19 14:22:30,905 INFO     ___FILE_ONLY___ ═
2024-11-19 14:22:30,905 INFO     ___FILE_ONLY___ ═
2024-11-19 14:22:30,905 INFO     ___FILE_ONLY___ ═
2024-11-19 14:22:30,906 INFO     ___FILE_ONLY___ ═
2024-11-19 14:22:30,906 INFO     ___FILE_ONLY___ ═
2024-11-19 14:22:30,906 INFO     ___FILE_ONLY___ ═
2024-11-19 14:22:30,907 INFO     ___FILE_ONLY___ ═
2024-11-19 14:22:30,907 INFO     ___FILE_ONLY___ ╝

2024-11-19 14:22:30,909 INFO     ___FILE_ONLY___ ╔════════════════════════════════════════════════════════════╗

2024-11-19 14:22:30,909 INFO     ___FILE_ONLY___ ╠═ Downloading: Cloud Storage Command Line Tool (Platfor... ═╣

2024-11-19 14:22:30,909 INFO     ___FILE_ONLY___ ╚
2024-11-19 14:22:30,913 DEBUG    urllib3.connectionpool Starting new HTTPS connection (1): dl.google.com:443
2024-11-19 14:22:30,997 DEBUG    urllib3.connectionpool https://dl.google.com:443 "GET /dl/cloudsdk/channels/rapid/components/google-cloud-sdk-gsutil-nix-20240830134514.tar.gz HTTP/1.1" 200 1928
2024-11-19 14:22:30,997 INFO     ___FILE_ONLY___ ════════════════════════════════════════════════════════════
2024-11-19 14:22:30,998 INFO     ___FILE_ONLY___ ╝

2024-11-19 14:22:31,000 INFO     ___FILE_ONLY___ ╔════════════════════════════════════════════════════════════╗

2024-11-19 14:22:31,000 INFO     ___FILE_ONLY___ ╠═ Downloading: Default set of gcloud commands              ═╣

2024-11-19 14:22:31,000 INFO     ___FILE_ONLY___ ╚
2024-11-19 14:22:31,000 INFO     ___FILE_ONLY___ ════════════════════════════════════════════════════════════
2024-11-19 14:22:31,000 INFO     ___FILE_ONLY___ ╝

2024-11-19 14:22:31,002 INFO     ___FILE_ONLY___ ╔════════════════════════════════════════════════════════════╗

2024-11-19 14:22:31,002 INFO     ___FILE_ONLY___ ╠═ Downloading: Google Cloud CLI Core Libraries (Platfor... ═╣

2024-11-19 14:22:31,002 INFO     ___FILE_ONLY___ ╚
2024-11-19 14:22:31,005 DEBUG    urllib3.connectionpool Starting new HTTPS connection (1): dl.google.com:443
2024-11-19 14:22:31,149 DEBUG    urllib3.connectionpool https://dl.google.com:443 "GET /dl/cloudsdk/channels/rapid/components/google-cloud-sdk-core-nix-20240830134514.tar.gz HTTP/1.1" 200 2306
2024-11-19 14:22:31,150 INFO     ___FILE_ONLY___ ════════════════════════════════════════════════════════════
2024-11-19 14:22:31,150 INFO     ___FILE_ONLY___ ╝

2024-11-19 14:22:31,153 INFO     ___FILE_ONLY___ ╔════════════════════════════════════════════════════════════╗

2024-11-19 14:22:31,153 INFO     ___FILE_ONLY___ ╠═ Downloading: Google Cloud CRC32C Hash Tool               ═╣

2024-11-19 14:22:31,153 INFO     ___FILE_ONLY___ ╚
2024-11-19 14:22:31,153 INFO     ___FILE_ONLY___ ════════════════════════════════════════════════════════════
2024-11-19 14:22:31,153 INFO     ___FILE_ONLY___ ╝

2024-11-19 14:22:31,155 INFO     ___FILE_ONLY___ ╔════════════════════════════════════════════════════════════╗

2024-11-19 14:22:31,155 INFO     ___FILE_ONLY___ ╠═ Downloading: Google Cloud CRC32C Hash Tool (Platform ... ═╣

2024-11-19 14:22:31,155 INFO     ___FILE_ONLY___ ╚
2024-11-19 14:22:31,158 DEBUG    urllib3.connectionpool Starting new HTTPS connection (1): dl.google.com:443
2024-11-19 14:22:31,302 DEBUG    urllib3.connectionpool https://dl.google.com:443 "GET /dl/cloudsdk/channels/rapid/components/google-cloud-sdk-gcloud-crc32c-linux-x86_64-20240712142834.tar.gz HTTP/1.1" 200 1350263
2024-11-19 14:22:31,312 INFO     ___FILE_ONLY___ ═
2024-11-19 14:22:31,312 INFO     ___FILE_ONLY___ ═
2024-11-19 14:22:31,312 INFO     ___FILE_ONLY___ ═
2024-11-19 14:22:31,312 INFO     ___FILE_ONLY___ ═
2024-11-19 14:22:31,312 INFO     ___FILE_ONLY___ ═
2024-11-19 14:22:31,312 INFO     ___FILE_ONLY___ ═
2024-11-19 14:22:31,312 INFO     ___FILE_ONLY___ ═
2024-11-19 14:22:31,313 INFO     ___FILE_ONLY___ ═
2024-11-19 14:22:31,313 INFO     ___FILE_ONLY___ ═
2024-11-19 14:22:31,313 INFO     ___FILE_ONLY___ ═
2024-11-19 14:22:31,313 INFO     ___FILE_ONLY___ ═
2024-11-19 14:22:31,313 INFO     ___FILE_ONLY___ ═
2024-11-19 14:22:31,313 INFO     ___FILE_ONLY___ ═
2024-11-19 14:22:31,313 INFO     ___FILE_ONLY___ ═
2024-11-19 14:22:31,313 INFO     ___FILE_ONLY___ ═
2024-11-19 14:22:31,313 INFO     ___FILE_ONLY___ ═
2024-11-19 14:22:31,313 INFO     ___FILE_ONLY___ ═
2024-11-19 14:22:31,313 INFO     ___FILE_ONLY___ ═
2024-11-19 14:22:31,314 INFO     ___FILE_ONLY___ ═
2024-11-19 14:22:31,314 INFO     ___FILE_ONLY___ ═
2024-11-19 14:22:31,314 INFO     ___FILE_ONLY___ ═
2024-11-19 14:22:31,314 INFO     ___FILE_ONLY___ ═
2024-11-19 14:22:31,314 INFO     ___FILE_ONLY___ ═
2024-11-19 14:22:31,314 INFO     ___FILE_ONLY___ ═
2024-11-19 14:22:31,314 INFO     ___FILE_ONLY___ ═
2024-11-19 14:22:31,314 INFO     ___FILE_ONLY___ ═
2024-11-19 14:22:31,314 INFO     ___FILE_ONLY___ ═
2024-11-19 14:22:31,314 INFO     ___FILE_ONLY___ ═
2024-11-19 14:22:31,314 INFO     ___FILE_ONLY___ ═
2024-11-19 14:22:31,315 INFO     ___FILE_ONLY___ ═
2024-11-19 14:22:31,315 INFO     ___FILE_ONLY___ ═
2024-11-19 14:22:31,315 INFO     ___FILE_ONLY___ ═
2024-11-19 14:22:31,315 INFO     ___FILE_ONLY___ ═
2024-11-19 14:22:31,315 INFO     ___FILE_ONLY___ ═
2024-11-19 14:22:31,315 INFO     ___FILE_ONLY___ ═
2024-11-19 14:22:31,315 INFO     ___FILE_ONLY___ ═
2024-11-19 14:22:31,315 INFO     ___FILE_ONLY___ ═
2024-11-19 14:22:31,315 INFO     ___FILE_ONLY___ ═
2024-11-19 14:22:31,315 INFO     ___FILE_ONLY___ ═
2024-11-19 14:22:31,315 INFO     ___FILE_ONLY___ ═
2024-11-19 14:22:31,316 INFO     ___FILE_ONLY___ ═
2024-11-19 14:22:31,316 INFO     ___FILE_ONLY___ ═
2024-11-19 14:22:31,316 INFO     ___FILE_ONLY___ ═
2024-11-19 14:22:31,316 INFO     ___FILE_ONLY___ ═
2024-11-19 14:22:31,316 INFO     ___FILE_ONLY___ ═
2024-11-19 14:22:31,316 INFO     ___FILE_ONLY___ ═
2024-11-19 14:22:31,316 INFO     ___FILE_ONLY___ ═
2024-11-19 14:22:31,316 INFO     ___FILE_ONLY___ ═
2024-11-19 14:22:31,316 INFO     ___FILE_ONLY___ ═
2024-11-19 14:22:31,316 INFO     ___FILE_ONLY___ ═
2024-11-19 14:22:31,317 INFO     ___FILE_ONLY___ ═
2024-11-19 14:22:31,317 INFO     ___FILE_ONLY___ ═
2024-11-19 14:22:31,317 INFO     ___FILE_ONLY___ ═
2024-11-19 14:22:31,317 INFO     ___FILE_ONLY___ ═
2024-11-19 14:22:31,317 INFO     ___FILE_ONLY___ ═
2024-11-19 14:22:31,317 INFO     ___FILE_ONLY___ ═
2024-11-19 14:22:31,317 INFO     ___FILE_ONLY___ ═
2024-11-19 14:22:31,317 INFO     ___FILE_ONLY___ ═
2024-11-19 14:22:31,317 INFO     ___FILE_ONLY___ ═
2024-11-19 14:22:31,317 INFO     ___FILE_ONLY___ ═
2024-11-19 14:22:31,317 INFO     ___FILE_ONLY___ ╝

2024-11-19 14:22:31,320 INFO     ___FILE_ONLY___ ╔════════════════════════════════════════════════════════════╗

2024-11-19 14:22:31,320 INFO     ___FILE_ONLY___ ╠═ Downloading: gcloud cli dependencies (Platform Specific) ═╣

2024-11-19 14:22:31,320 INFO     ___FILE_ONLY___ ╚
2024-11-19 14:22:31,323 DEBUG    urllib3.connectionpool Starting new HTTPS connection (1): dl.google.com:443
2024-11-19 14:22:31,461 DEBUG    urllib3.connectionpool https://dl.google.com:443 "GET /dl/cloudsdk/channels/rapid/components/google-cloud-sdk-gcloud-deps-linux-x86_64-20210416153011.tar.gz HTTP/1.1" 200 104
2024-11-19 14:22:31,462 INFO     ___FILE_ONLY___ ════════════════════════════════════════════════════════════
2024-11-19 14:22:31,462 INFO     ___FILE_ONLY___ ╝

2024-11-19 14:22:31,464 INFO     ___FILE_ONLY___ ╔════════════════════════════════════════════════════════════╗

2024-11-19 14:22:31,464 INFO     ___FILE_ONLY___ ╠═ Installing: BigQuery Command Line Tool                   ═╣

2024-11-19 14:22:31,464 INFO     ___FILE_ONLY___ ╚
2024-11-19 14:22:31,582 INFO     ___FILE_ONLY___ ═
2024-11-19 14:22:31,585 INFO     ___FILE_ONLY___ ═
2024-11-19 14:22:31,588 INFO     ___FILE_ONLY___ ═
2024-11-19 14:22:31,590 INFO     ___FILE_ONLY___ ═
2024-11-19 14:22:31,593 INFO     ___FILE_ONLY___ ═
2024-11-19 14:22:31,595 INFO     ___FILE_ONLY___ ═
2024-11-19 14:22:31,597 INFO     ___FILE_ONLY___ ═
2024-11-19 14:22:31,600 INFO     ___FILE_ONLY___ ═
2024-11-19 14:22:31,602 INFO     ___FILE_ONLY___ ═
2024-11-19 14:22:31,605 INFO     ___FILE_ONLY___ ═
2024-11-19 14:22:31,607 INFO     ___FILE_ONLY___ ═
2024-11-19 14:22:31,609 INFO     ___FILE_ONLY___ ═
2024-11-19 14:22:31,611 INFO     ___FILE_ONLY___ ═
2024-11-19 14:22:31,614 INFO     ___FILE_ONLY___ ═
2024-11-19 14:22:31,616 INFO     ___FILE_ONLY___ ═
2024-11-19 14:22:31,618 INFO     ___FILE_ONLY___ ═
2024-11-19 14:22:31,621 INFO     ___FILE_ONLY___ ═
2024-11-19 14:22:31,624 INFO     ___FILE_ONLY___ ═
2024-11-19 14:22:31,626 INFO     ___FILE_ONLY___ ═
2024-11-19 14:22:31,629 INFO     ___FILE_ONLY___ ═
2024-11-19 14:22:31,631 INFO     ___FILE_ONLY___ ═
2024-11-19 14:22:31,634 INFO     ___FILE_ONLY___ ═
2024-11-19 14:22:31,635 INFO     ___FILE_ONLY___ ═
2024-11-19 14:22:31,637 INFO     ___FILE_ONLY___ ═
2024-11-19 14:22:31,640 INFO     ___FILE_ONLY___ ═
2024-11-19 14:22:31,642 INFO     ___FILE_ONLY___ ═
2024-11-19 14:22:31,644 INFO     ___FILE_ONLY___ ═
2024-11-19 14:22:31,647 INFO     ___FILE_ONLY___ ═
2024-11-19 14:22:31,651 INFO     ___FILE_ONLY___ ═
2024-11-19 14:22:31,653 INFO     ___FILE_ONLY___ ═
2024-11-19 14:22:31,655 INFO     ___FILE_ONLY___ ═
2024-11-19 14:22:31,657 INFO     ___FILE_ONLY___ ═
2024-11-19 14:22:31,661 INFO     ___FILE_ONLY___ ═
2024-11-19 14:22:31,664 INFO     ___FILE_ONLY___ ═
2024-11-19 14:22:31,673 INFO     ___FILE_ONLY___ ═
2024-11-19 14:22:31,675 INFO     ___FILE_ONLY___ ═
2024-11-19 14:22:31,677 INFO     ___FILE_ONLY___ ═
2024-11-19 14:22:31,682 INFO     ___FILE_ONLY___ ═
2024-11-19 14:22:31,685 INFO     ___FILE_ONLY___ ═
2024-11-19 14:22:31,687 INFO     ___FILE_ONLY___ ═
2024-11-19 14:22:31,690 INFO     ___FILE_ONLY___ ═
2024-11-19 14:22:31,692 INFO     ___FILE_ONLY___ ═
2024-11-19 14:22:31,697 INFO     ___FILE_ONLY___ ═
2024-11-19 14:22:31,699 INFO     ___FILE_ONLY___ ═
2024-11-19 14:22:31,701 INFO     ___FILE_ONLY___ ═
2024-11-19 14:22:31,703 INFO     ___FILE_ONLY___ ═
2024-11-19 14:22:31,705 INFO     ___FILE_ONLY___ ═
2024-11-19 14:22:31,708 INFO     ___FILE_ONLY___ ═
2024-11-19 14:22:31,710 INFO     ___FILE_ONLY___ ═
2024-11-19 14:22:31,712 INFO     ___FILE_ONLY___ ═
2024-11-19 14:22:31,714 INFO     ___FILE_ONLY___ ═
2024-11-19 14:22:31,716 INFO     ___FILE_ONLY___ ═
2024-11-19 14:22:31,718 INFO     ___FILE_ONLY___ ═
2024-11-19 14:22:31,721 INFO     ___FILE_ONLY___ ═
2024-11-19 14:22:31,723 INFO     ___FILE_ONLY___ ═
2024-11-19 14:22:31,725 INFO     ___FILE_ONLY___ ═
2024-11-19 14:22:31,727 INFO     ___FILE_ONLY___ ═
2024-11-19 14:22:31,730 INFO     ___FILE_ONLY___ ═
2024-11-19 14:22:31,731 INFO     ___FILE_ONLY___ ═
2024-11-19 14:22:31,734 INFO     ___FILE_ONLY___ ═
2024-11-19 14:22:31,734 INFO     ___FILE_ONLY___ ╝

2024-11-19 14:22:31,749 INFO     ___FILE_ONLY___ ╔════════════════════════════════════════════════════════════╗

2024-11-19 14:22:31,749 INFO     ___FILE_ONLY___ ╠═ Installing: BigQuery Command Line Tool (Platform Spec... ═╣

2024-11-19 14:22:31,749 INFO     ___FILE_ONLY___ ╚
2024-11-19 14:22:31,750 INFO     ___FILE_ONLY___ ════════════════════════════════════════════════════════════
2024-11-19 14:22:31,750 INFO     ___FILE_ONLY___ ╝

2024-11-19 14:22:31,757 INFO     ___FILE_ONLY___ ╔════════════════════════════════════════════════════════════╗

2024-11-19 14:22:31,757 INFO     ___FILE_ONLY___ ╠═ Installing: Bundled Python 3.11                          ═╣

2024-11-19 14:22:31,757 INFO     ___FILE_ONLY___ ╚
2024-11-19 14:22:31,761 INFO     ___FILE_ONLY___ ════════════════════════════════════════════════════════════
2024-11-19 14:22:31,761 INFO     ___FILE_ONLY___ ╝

2024-11-19 14:22:31,763 INFO     ___FILE_ONLY___ ╔════════════════════════════════════════════════════════════╗

2024-11-19 14:22:31,763 INFO     ___FILE_ONLY___ ╠═ Installing: Bundled Python 3.11 (Platform Specific)      ═╣

2024-11-19 14:22:31,763 INFO     ___FILE_ONLY___ ╚
2024-11-19 14:22:33,898 INFO     ___FILE_ONLY___ ═
2024-11-19 14:22:33,914 INFO     ___FILE_ONLY___ ═
2024-11-19 14:22:33,927 INFO     ___FILE_ONLY___ ═
2024-11-19 14:22:33,939 INFO     ___FILE_ONLY___ ═
2024-11-19 14:22:33,951 INFO     ___FILE_ONLY___ ═
2024-11-19 14:22:33,964 INFO     ___FILE_ONLY___ ═
2024-11-19 14:22:33,977 INFO     ___FILE_ONLY___ ═
2024-11-19 14:22:33,989 INFO     ___FILE_ONLY___ ═
2024-11-19 14:22:34,002 INFO     ___FILE_ONLY___ ═
2024-11-19 14:22:34,014 INFO     ___FILE_ONLY___ ═
2024-11-19 14:22:34,026 INFO     ___FILE_ONLY___ ═
2024-11-19 14:22:34,038 INFO     ___FILE_ONLY___ ═
2024-11-19 14:22:34,050 INFO     ___FILE_ONLY___ ═
2024-11-19 14:22:34,063 INFO     ___FILE_ONLY___ ═
2024-11-19 14:22:34,076 INFO     ___FILE_ONLY___ ═
2024-11-19 14:22:34,088 INFO     ___FILE_ONLY___ ═
2024-11-19 14:22:34,101 INFO     ___FILE_ONLY___ ═
2024-11-19 14:22:34,113 INFO     ___FILE_ONLY___ ═
2024-11-19 14:22:34,125 INFO     ___FILE_ONLY___ ═
2024-11-19 14:22:34,137 INFO     ___FILE_ONLY___ ═
2024-11-19 14:22:34,150 INFO     ___FILE_ONLY___ ═
2024-11-19 14:22:34,162 INFO     ___FILE_ONLY___ ═
2024-11-19 14:22:34,174 INFO     ___FILE_ONLY___ ═
2024-11-19 14:22:34,186 INFO     ___FILE_ONLY___ ═
2024-11-19 14:22:34,199 INFO     ___FILE_ONLY___ ═
2024-11-19 14:22:34,215 INFO     ___FILE_ONLY___ ═
2024-11-19 14:22:34,228 INFO     ___FILE_ONLY___ ═
2024-11-19 14:22:34,240 INFO     ___FILE_ONLY___ ═
2024-11-19 14:22:34,253 INFO     ___FILE_ONLY___ ═
2024-11-19 14:22:34,266 INFO     ___FILE_ONLY___ ═
2024-11-19 14:22:34,278 INFO     ___FILE_ONLY___ ═
2024-11-19 14:22:34,290 INFO     ___FILE_ONLY___ ═
2024-11-19 14:22:34,303 INFO     ___FILE_ONLY___ ═
2024-11-19 14:22:34,315 INFO     ___FILE_ONLY___ ═
2024-11-19 14:22:34,328 INFO     ___FILE_ONLY___ ═
2024-11-19 14:22:34,340 INFO     ___FILE_ONLY___ ═
2024-11-19 14:22:35,080 INFO     ___FILE_ONLY___ ═
2024-11-19 14:22:35,106 INFO     ___FILE_ONLY___ ═
2024-11-19 14:22:35,129 INFO     ___FILE_ONLY___ ═
2024-11-19 14:22:35,150 INFO     ___FILE_ONLY___ ═
2024-11-19 14:22:35,171 INFO     ___FILE_ONLY___ ═
2024-11-19 14:22:35,309 INFO     ___FILE_ONLY___ ═
2024-11-19 14:22:35,338 INFO     ___FILE_ONLY___ ═
2024-11-19 14:22:35,357 INFO     ___FILE_ONLY___ ═
2024-11-19 14:22:35,374 INFO     ___FILE_ONLY___ ═
2024-11-19 14:22:35,392 INFO     ___FILE_ONLY___ ═
2024-11-19 14:22:35,422 INFO     ___FILE_ONLY___ ═
2024-11-19 14:22:35,444 INFO     ___FILE_ONLY___ ═
2024-11-19 14:22:35,461 INFO     ___FILE_ONLY___ ═
2024-11-19 14:22:35,477 INFO     ___FILE_ONLY___ ═
2024-11-19 14:22:35,569 INFO     ___FILE_ONLY___ ═
2024-11-19 14:22:35,589 INFO     ___FILE_ONLY___ ═
2024-11-19 14:22:35,608 INFO     ___FILE_ONLY___ ═
2024-11-19 14:22:35,627 INFO     ___FILE_ONLY___ ═
2024-11-19 14:22:35,672 INFO     ___FILE_ONLY___ ═
2024-11-19 14:22:36,039 INFO     ___FILE_ONLY___ ═
2024-11-19 14:22:36,057 INFO     ___FILE_ONLY___ ═
2024-11-19 14:22:36,078 INFO     ___FILE_ONLY___ ═
2024-11-19 14:22:36,096 INFO     ___FILE_ONLY___ ═
2024-11-19 14:22:36,467 INFO     ___FILE_ONLY___ ═
2024-11-19 14:22:36,467 INFO     ___FILE_ONLY___ ╝

2024-11-19 14:22:36,545 INFO     ___FILE_ONLY___ ╔════════════════════════════════════════════════════════════╗

2024-11-19 14:22:36,545 INFO     ___FILE_ONLY___ ╠═ Installing: Cloud Storage Command Line Tool              ═╣

2024-11-19 14:22:36,545 INFO     ___FILE_ONLY___ ╚
2024-11-19 14:22:37,174 INFO     ___FILE_ONLY___ ═
2024-11-19 14:22:37,190 INFO     ___FILE_ONLY___ ═
2024-11-19 14:22:37,209 INFO     ___FILE_ONLY___ ═
2024-11-19 14:22:37,228 INFO     ___FILE_ONLY___ ═
2024-11-19 14:22:37,242 INFO     ___FILE_ONLY___ ═
2024-11-19 14:22:37,250 INFO     ___FILE_ONLY___ ═
2024-11-19 14:22:37,259 INFO     ___FILE_ONLY___ ═
2024-11-19 14:22:37,269 INFO     ___FILE_ONLY___ ═
2024-11-19 14:22:37,278 INFO     ___FILE_ONLY___ ═
2024-11-19 14:22:37,287 INFO     ___FILE_ONLY___ ═
2024-11-19 14:22:37,299 INFO     ___FILE_ONLY___ ═
2024-11-19 14:22:37,310 INFO     ___FILE_ONLY___ ═
2024-11-19 14:22:37,321 INFO     ___FILE_ONLY___ ═
2024-11-19 14:22:37,332 INFO     ___FILE_ONLY___ ═
2024-11-19 14:22:37,344 INFO     ___FILE_ONLY___ ═
2024-11-19 14:22:37,357 INFO     ___FILE_ONLY___ ═
2024-11-19 14:22:37,371 INFO     ___FILE_ONLY___ ═
2024-11-19 14:22:37,384 INFO     ___FILE_ONLY___ ═
2024-11-19 14:22:37,396 INFO     ___FILE_ONLY___ ═
2024-11-19 14:22:37,410 INFO     ___FILE_ONLY___ ═
2024-11-19 14:22:37,423 INFO     ___FILE_ONLY___ ═
2024-11-19 14:22:37,439 INFO     ___FILE_ONLY___ ═
2024-11-19 14:22:37,451 INFO     ___FILE_ONLY___ ═
2024-11-19 14:22:37,463 INFO     ___FILE_ONLY___ ═
2024-11-19 14:22:37,478 INFO     ___FILE_ONLY___ ═
2024-11-19 14:22:37,493 INFO     ___FILE_ONLY___ ═
2024-11-19 14:22:37,509 INFO     ___FILE_ONLY___ ═
2024-11-19 14:22:37,528 INFO     ___FILE_ONLY___ ═
2024-11-19 14:22:37,549 INFO     ___FILE_ONLY___ ═
2024-11-19 14:22:37,562 INFO     ___FILE_ONLY___ ═
2024-11-19 14:22:37,571 INFO     ___FILE_ONLY___ ═
2024-11-19 14:22:37,583 INFO     ___FILE_ONLY___ ═
2024-11-19 14:22:37,593 INFO     ___FILE_ONLY___ ═
2024-11-19 14:22:37,602 INFO     ___FILE_ONLY___ ═
2024-11-19 14:22:37,614 INFO     ___FILE_ONLY___ ═
2024-11-19 14:22:37,627 INFO     ___FILE_ONLY___ ═
2024-11-19 14:22:37,638 INFO     ___FILE_ONLY___ ═
2024-11-19 14:22:37,647 INFO     ___FILE_ONLY___ ═
2024-11-19 14:22:37,657 INFO     ___FILE_ONLY___ ═
2024-11-19 14:22:37,668 INFO     ___FILE_ONLY___ ═
2024-11-19 14:22:37,703 INFO     ___FILE_ONLY___ ═
2024-11-19 14:22:37,718 INFO     ___FILE_ONLY___ ═
2024-11-19 14:22:37,729 INFO     ___FILE_ONLY___ ═
2024-11-19 14:22:37,741 INFO     ___FILE_ONLY___ ═
2024-11-19 14:22:37,751 INFO     ___FILE_ONLY___ ═
2024-11-19 14:22:37,760 INFO     ___FILE_ONLY___ ═
2024-11-19 14:22:37,771 INFO     ___FILE_ONLY___ ═
2024-11-19 14:22:37,782 INFO     ___FILE_ONLY___ ═
2024-11-19 14:22:37,800 INFO     ___FILE_ONLY___ ═
2024-11-19 14:22:37,812 INFO     ___FILE_ONLY___ ═
2024-11-19 14:22:37,822 INFO     ___FILE_ONLY___ ═
2024-11-19 14:22:37,830 INFO     ___FILE_ONLY___ ═
2024-11-19 14:22:37,845 INFO     ___FILE_ONLY___ ═
2024-11-19 14:22:37,858 INFO     ___FILE_ONLY___ ═
2024-11-19 14:22:37,871 INFO     ___FILE_ONLY___ ═
2024-11-19 14:22:37,887 INFO     ___FILE_ONLY___ ═
2024-11-19 14:22:37,899 INFO     ___FILE_ONLY___ ═
2024-11-19 14:22:37,911 INFO     ___FILE_ONLY___ ═
2024-11-19 14:22:37,921 INFO     ___FILE_ONLY___ ═
2024-11-19 14:22:37,931 INFO     ___FILE_ONLY___ ═
2024-11-19 14:22:37,931 INFO     ___FILE_ONLY___ ╝

2024-11-19 14:22:37,982 INFO     ___FILE_ONLY___ ╔════════════════════════════════════════════════════════════╗

2024-11-19 14:22:37,982 INFO     ___FILE_ONLY___ ╠═ Installing: Cloud Storage Command Line Tool (Platform... ═╣

2024-11-19 14:22:37,982 INFO     ___FILE_ONLY___ ╚
2024-11-19 14:22:37,983 INFO     ___FILE_ONLY___ ════════════════════════════════════════════════════════════
2024-11-19 14:22:37,983 INFO     ___FILE_ONLY___ ╝

2024-11-19 14:22:37,989 INFO     ___FILE_ONLY___ ╔════════════════════════════════════════════════════════════╗

2024-11-19 14:22:37,990 INFO     ___FILE_ONLY___ ╠═ Installing: Default set of gcloud commands               ═╣

2024-11-19 14:22:37,990 INFO     ___FILE_ONLY___ ╚
2024-11-19 14:22:37,994 INFO     ___FILE_ONLY___ ════════════════════════════════════════════════════════════
2024-11-19 14:22:37,994 INFO     ___FILE_ONLY___ ╝

2024-11-19 14:22:37,996 INFO     ___FILE_ONLY___ ╔════════════════════════════════════════════════════════════╗

2024-11-19 14:22:37,996 INFO     ___FILE_ONLY___ ╠═ Installing: Google Cloud CLI Core Libraries (Platform... ═╣

2024-11-19 14:22:37,996 INFO     ___FILE_ONLY___ ╚
2024-11-19 14:22:37,997 INFO     ___FILE_ONLY___ ══════════════════════════════
2024-11-19 14:22:37,998 INFO     ___FILE_ONLY___ ══════════════════════════════
2024-11-19 14:22:37,998 INFO     ___FILE_ONLY___ ╝

2024-11-19 14:22:38,004 INFO     ___FILE_ONLY___ ╔════════════════════════════════════════════════════════════╗

2024-11-19 14:22:38,005 INFO     ___FILE_ONLY___ ╠═ Installing: Google Cloud CRC32C Hash Tool                ═╣

2024-11-19 14:22:38,005 INFO     ___FILE_ONLY___ ╚
2024-11-19 14:22:38,009 INFO     ___FILE_ONLY___ ════════════════════════════════════════════════════════════
2024-11-19 14:22:38,009 INFO     ___FILE_ONLY___ ╝

2024-11-19 14:22:38,011 INFO     ___FILE_ONLY___ ╔════════════════════════════════════════════════════════════╗

2024-11-19 14:22:38,012 INFO     ___FILE_ONLY___ ╠═ Installing: Google Cloud CRC32C Hash Tool (Platform S... ═╣

2024-11-19 14:22:38,012 INFO     ___FILE_ONLY___ ╚
2024-11-19 14:22:38,047 INFO     ___FILE_ONLY___ ══════════════════════════════
2024-11-19 14:22:38,048 INFO     ___FILE_ONLY___ ══════════════════════════════
2024-11-19 14:22:38,048 INFO     ___FILE_ONLY___ ╝

2024-11-19 14:22:38,055 INFO     ___FILE_ONLY___ ╔════════════════════════════════════════════════════════════╗

2024-11-19 14:22:38,055 INFO     ___FILE_ONLY___ ╠═ Installing: gcloud cli dependencies (Platform Specific)  ═╣

2024-11-19 14:22:38,055 INFO     ___FILE_ONLY___ ╚
2024-11-19 14:22:38,056 INFO     ___FILE_ONLY___ ════════════════════════════════════════════════════════════
2024-11-19 14:22:38,056 INFO     ___FILE_ONLY___ ╝

2024-11-19 14:22:38,064 DEBUG    root            Updating notification cache...
2024-11-19 14:22:38,064 INFO     ___FILE_ONLY___ 

2024-11-19 14:22:38,066 INFO     ___FILE_ONLY___ Performing post processing steps...
2024-11-19 14:22:38,067 DEBUG    root            Executing command: ['/tools/google-cloud-sdk/bin/gcloud', 'components', 'post-process']
2024-11-19 14:22:48,809 DEBUG    ___FILE_ONLY___ 
2024-11-19 14:22:48,809 DEBUG    ___FILE_ONLY___ 
2024-11-19 14:22:48,866 INFO     ___FILE_ONLY___ 
Update done!


2024-11-19 14:22:48,869 DEBUG    root            Chosen display Format:none
2024-11-19 14:22:48,869 INFO     root            Display format: "none"
